2024-12-06 16:59:42.3444|TRACE|ModManager.Core.UnmanagedHost|Loading 
2024-12-06 16:59:42.3924|INFO|????????????????????????????????????????|Parsing installation file D:\SteamLibrary\steamapps\common\Red Dead Redemption 2\lml\Disable enemy radar\install.xml 
2024-12-06 16:59:42.4204|INFO|????????????????????????????????????????|Done parsing installation file D:\SteamLibrary\steamapps\common\Red Dead Redemption 2\lml\Disable enemy radar\install.xml 
2024-12-06 16:59:42.4204|INFO|????????????????????????????????????????|Parsing installation file D:\SteamLibrary\steamapps\common\Red Dead Redemption 2\lml\Kiddo's Minimalist Loot Economy Overhaul\install.xml 
2024-12-06 16:59:42.4204|INFO|????????????????????????????????????????|Done parsing installation file D:\SteamLibrary\steamapps\common\Red Dead Redemption 2\lml\Kiddo's Minimalist Loot Economy Overhaul\install.xml 
2024-12-06 16:59:42.4204|INFO|????????????????????????????????????????|Parsing installation file D:\SteamLibrary\steamapps\common\Red Dead Redemption 2\lml\Online Content Unlocker\install.xml 
2024-12-06 16:59:42.4204|INFO|????????????????????????????????????????|Done parsing installation file D:\SteamLibrary\steamapps\common\Red Dead Redemption 2\lml\Online Content Unlocker\install.xml 
2024-12-06 16:59:42.4204|INFO|????????????????????????????????????????|Parsing installation file D:\SteamLibrary\steamapps\common\Red Dead Redemption 2\lml\PDO v2.0 Extended Features\install.xml 
2024-12-06 16:59:42.4204|INFO|????????????????????????????????????????|Done parsing installation file D:\SteamLibrary\steamapps\common\Red Dead Redemption 2\lml\PDO v2.0 Extended Features\install.xml 
2024-12-06 16:59:42.4204|INFO|????????????????????????????????????????|Parsing installation file D:\SteamLibrary\steamapps\common\Red Dead Redemption 2\lml\Ped Accuracy Fix Low Enemy Accuracy\install.xml 
2024-12-06 16:59:42.4204|INFO|????????????????????????????????????????|Done parsing installation file D:\SteamLibrary\steamapps\common\Red Dead Redemption 2\lml\Ped Accuracy Fix Low Enemy Accuracy\install.xml 
2024-12-06 16:59:42.4204|INFO|????????????????????????????????????????|Parsing installation file D:\SteamLibrary\steamapps\common\Red Dead Redemption 2\lml\Realistic_Loadouts v2.4\install.xml 
2024-12-06 16:59:42.4204|INFO|????????????????????????????????????????|Done parsing installation file D:\SteamLibrary\steamapps\common\Red Dead Redemption 2\lml\Realistic_Loadouts v2.4\install.xml 
2024-12-06 16:59:42.4204|INFO|????????????????????????????????????????|Parsing installation file D:\SteamLibrary\steamapps\common\Red Dead Redemption 2\lml\Realistic_Weapon_Rebalance\install.xml 
2024-12-06 16:59:42.4204|INFO|????????????????????????????????????????|Done parsing installation file D:\SteamLibrary\steamapps\common\Red Dead Redemption 2\lml\Realistic_Weapon_Rebalance\install.xml 
2024-12-06 16:59:42.4204|INFO|????????????????????????????????????????|Parsing installation file D:\SteamLibrary\steamapps\common\Red Dead Redemption 2\lml\WhyEm's BloodLust\install.xml 
2024-12-06 16:59:42.4204|TRACE|?????????????????????????????????????????|Failed to find replacement file bloodHaemorrhage/peddamageinfo.meta 
2024-12-06 16:59:42.4204|INFO|????????????????????????????????????????|Done parsing installation file D:\SteamLibrary\steamapps\common\Red Dead Redemption 2\lml\WhyEm's BloodLust\install.xml 
2024-12-06 16:59:42.4204|INFO|?????????????????????????????????????????|Parsing mods file D:\SteamLibrary\steamapps\common\Red Dead Redemption 2\lml\mods.xml 
2024-12-06 16:59:42.4204|INFO|?????????????????????????????????????????|Done parsing mods file D:\SteamLibrary\steamapps\common\Red Dead Redemption 2\lml\mods.xml 
2024-12-06 16:59:42.4334|TRACE|?????????????????????????????????????????|Some data files might appear in reversed load order  
2024-12-06 16:59:42.4334|TRACE|ModManager.Core.UnmanagedHost|Loaded 
2024-12-06 16:59:42.4334|TRACE|?????????????????????????????????????????|Added resource Ped Accuracy Fix Low Enemy Accuracy/pedaccuracy.meta 
2024-12-06 16:59:42.4334|TRACE|?????????????????????????????????????????|Added resource WhyEm's BloodLust/blooddecal/decalinfo.ymt 
2024-12-06 16:59:42.4334|TRACE|?????????????????????????????????????????|Added resource WhyEm's BloodLust/blooddecal/projdecal.ymt 
2024-12-06 16:59:42.4334|TRACE|?????????????????????????????????????????|Added resource WhyEm's BloodLust/bloodfx/vfxbloodinfo.ymt 
2024-12-06 16:59:42.4334|TRACE|?????????????????????????????????????????|Added resource WhyEm's BloodLust/bloodfx/vfxaniminfo.ymt 
2024-12-06 16:59:42.4334|TRACE|?????????????????????????????????????????|Added resource WhyEm's BloodLust/bloodfx/vfxpedinfo.ymt 
2024-12-06 16:59:42.4334|TRACE|?????????????????????????????????????????|Added resource Disable enemy radar/blipdata.ymt 
2024-12-06 16:59:42.4334|TRACE|?????????????????????????????????????????|Added resource Online Content Unlocker/x64/Mp009/content.xml 
2024-12-06 16:59:42.4334|TRACE|?????????????????????????????????????????|Added resource Online Content Unlocker/update_1/content.xml 
2024-12-06 16:59:42.4334|TRACE|?????????????????????????????????????????|Added resource Online Content Unlocker/update_1/pack_patch/Mp001/content.xml 
2024-12-06 16:59:42.4334|TRACE|?????????????????????????????????????????|Added resource Online Content Unlocker/update_1/pack_patch/Mp003/content.xml 
2024-12-06 16:59:42.4334|TRACE|?????????????????????????????????????????|Added resource Online Content Unlocker/update_1/pack_patch/Mp004/content.xml 
2024-12-06 16:59:42.4334|TRACE|?????????????????????????????????????????|Added resource Online Content Unlocker/update_1/pack_patch/Mp005/content.xml 
2024-12-06 16:59:42.4334|TRACE|?????????????????????????????????????????|Added resource Online Content Unlocker/update_1/pack_patch/Mp006/content.xml 
2024-12-06 16:59:42.4334|TRACE|?????????????????????????????????????????|Added resource Online Content Unlocker/update_1/pack_patch/Mp007/content.xml 
2024-12-06 16:59:42.4334|TRACE|?????????????????????????????????????????|Added resource Online Content Unlocker/update_1/pack_patch/Mp008/content.xml 
2024-12-06 16:59:42.4334|TRACE|?????????????????????????????????????????|Added resource Online Content Unlocker/update_1/pack_patch/patchpack_mp001/content.xml 
2024-12-06 16:59:42.4334|TRACE|?????????????????????????????????????????|Added resource Online Content Unlocker/update_1/pack_patch/patchpack_mp003/content.xml 
2024-12-06 16:59:42.4334|TRACE|?????????????????????????????????????????|Added resource Kiddo's Minimalist Loot Economy Overhaul/catalog_sp.ymt 
2024-12-06 16:59:42.4334|TRACE|?????????????????????????????????????????|Added resource Kiddo's Minimalist Loot Economy Overhaul/lootconfigdata.meta 
2024-12-06 16:59:42.4334|TRACE|?????????????????????????????????????????|Added resource Kiddo's Minimalist Loot Economy Overhaul/loot_table_ped.meta 
2024-12-06 16:59:42.4334|TRACE|?????????????????????????????????????????|Added resource Kiddo's Minimalist Loot Economy Overhaul/loot_table_itemgroups.meta 
2024-12-06 16:59:42.4334|TRACE|?????????????????????????????????????????|Added resource Kiddo's Minimalist Loot Economy Overhaul/loot_table_reward.meta 
2024-12-06 16:59:42.4334|TRACE|?????????????????????????????????????????|Added resource Kiddo's Minimalist Loot Economy Overhaul/loot_items_matrix.meta 
2024-12-06 16:59:42.4334|TRACE|?????????????????????????????????????????|Added resource Kiddo's Minimalist Loot Economy Overhaul/damagecleanlinessdata.meta 
2024-12-06 16:59:42.4334|TRACE|?????????????????????????????????????????|Added resource Kiddo's Minimalist Loot Economy Overhaul/loot_table_container.meta 
2024-12-06 16:59:42.4334|TRACE|?????????????????????????????????????????|Added resource Realistic_Loadouts v2.4/loadouts.meta 
2024-12-06 16:59:42.4334|TRACE|?????????????????????????????????????????|Added resource Realistic_Loadouts v2.4/dispatch.meta 
2024-12-06 16:59:42.4334|TRACE|?????????????????????????????????????????|Added resource Realistic_Loadouts v2.4/metapeds.ymt 
2024-12-06 16:59:42.4334|TRACE|?????????????????????????????????????????|Added resource Realistic_Loadouts v2.4/ambientpedmodelsets.meta 
2024-12-06 16:59:42.4334|TRACE|?????????????????????????????????????????|Added resource Realistic_Loadouts v2.4/combatbehaviour.meta 
2024-12-06 16:59:42.4334|TRACE|?????????????????????????????????????????|Added resource Realistic_Weapon_Rebalance/weapons.ymt 
2024-12-06 16:59:42.4334|TRACE|?????????????????????????????????????????|Added resource Realistic_Weapon_Rebalance/weapon_pistol_m1899.ymt 
2024-12-06 16:59:42.4334|TRACE|?????????????????????????????????????????|Added resource Realistic_Weapon_Rebalance/weapon_repeater_evans.ymt 
2024-12-06 16:59:42.4334|TRACE|?????????????????????????????????????????|Added resource Realistic_Weapon_Rebalance/weapon_revolver_lemat.ymt 
2024-12-06 16:59:42.4334|TRACE|?????????????????????????????????????????|Added resource Realistic_Weapon_Rebalance/weapon_revolver_navy.ymt 
2024-12-06 16:59:42.4334|TRACE|?????????????????????????????????????????|Added resource Realistic_Weapon_Rebalance/weapon_rifle_elephant.ymt 
2024-12-06 16:59:42.4334|TRACE|?????????????????????????????????????????|Added resource Realistic_Weapon_Rebalance/weapon_revolver_doubleaction_gambler.ymt 
2024-12-06 16:59:42.4334|TRACE|?????????????????????????????????????????|Added resource Realistic_Weapon_Rebalance/weaponcomponents.meta 
2024-12-06 16:59:42.4334|TRACE|?????????????????????????????????????????|Added resource Realistic_Weapon_Rebalance/weaponcomponents_1899.meta 
2024-12-06 16:59:42.4334|TRACE|?????????????????????????????????????????|Added resource Realistic_Weapon_Rebalance/003_weaponcomponents.meta 
2024-12-06 16:59:42.4334|TRACE|?????????????????????????????????????????|Added resource Realistic_Weapon_Rebalance/004_weaponcomponents.meta 
2024-12-06 16:59:42.4334|TRACE|?????????????????????????????????????????|Added resource PDO v2.0 Extended Features/PDODR/physicstasks.ymt 
