2024-12-06 16:59:40 INFO  D:\GTA V\vfs\vfs\vfs\LoaderMain.cpp:116: Log initialized
2024-12-06 16:59:40 INFO  D:\GTA V\vfs\vfs\vfs\LoaderMain.cpp:117: Lenny's Mod Loader Beta Test Version 0.6.8470.31280 - Compiled on Mar 11 2023 17:22:44
2024-12-06 16:59:40 INFO  D:\GTA V\vfs\vfs\vfs\LoaderMain.cpp:122: Running RDR2
2024-12-06 16:59:40 INFO  D:\GTA V\vfs\vfs\vfs\LoaderMain.cpp:97: Game File Version: 1.0.1491.50
2024-12-06 16:59:40 INFO  D:\GTA V\vfs\vfs\vfs\Hooking\Hooking.cpp:44: Found hooking memory at 7ff7bef00000
2024-12-06 16:59:40 INFO  D:\GTA V\vfs\vfs\vfs\LoaderMain.cpp:147: HookFunction::RunAll(): done
2024-12-06 16:59:40 INFO  D:\GTA V\vfs\vfs\vfs\LoaderMain.cpp:132: Init done
2024-12-06 16:59:53 INFO  D:\GTA V\vfs\vfs\vfs\rdr3\CustomCollection.cpp:520: Global full replace: addonDLC:/online content unlocker/update_1/content.xml
2024-12-06 16:59:55 INFO  D:\GTA V\vfs\vfs\vfs\rdr3\CustomCollection.cpp:520: Global full replace: addonDLC:/kiddo's minimalist loot economy overhaul/catalog_sp.ymt
2024-12-06 16:59:55 INFO  D:\GTA V\vfs\vfs\vfs\rdr3\CustomCollection.cpp:520: Global full replace: addonDLC:/realistic_loadouts v2.4/ambientpedmodelsets.meta
2024-12-06 16:59:55 INFO  D:\GTA V\vfs\vfs\vfs\rdr3\CustomCollection.cpp:520: Global full replace: addonDLC:/kiddo's minimalist loot economy overhaul/lootconfigdata.meta
2024-12-06 16:59:55 INFO  D:\GTA V\vfs\vfs\vfs\rdr3\CustomCollection.cpp:520: Global full replace: addonDLC:/kiddo's minimalist loot economy overhaul/loot_items_matrix.meta
2024-12-06 16:59:56 INFO  D:\GTA V\vfs\vfs\vfs\rdr3\CustomCollection.cpp:520: Global full replace: addonDLC:/kiddo's minimalist loot economy overhaul/loot_table_reward.meta
2024-12-06 16:59:56 INFO  D:\GTA V\vfs\vfs\vfs\rdr3\CustomCollection.cpp:520: Global full replace: addonDLC:/kiddo's minimalist loot economy overhaul/loot_table_ped.meta
2024-12-06 16:59:56 INFO  D:\GTA V\vfs\vfs\vfs\rdr3\CustomCollection.cpp:520: Global full replace: addonDLC:/kiddo's minimalist loot economy overhaul/loot_table_itemgroups.meta
2024-12-06 16:59:57 INFO  D:\GTA V\vfs\vfs\vfs\rdr3\CustomCollection.cpp:520: Global full replace: addonDLC:/pdo v2.0 extended features/pdodr/physicstasks.ymt
2024-12-06 16:59:57 INFO  D:\GTA V\vfs\vfs\vfs\rdr3\CustomCollection.cpp:520: Global full replace: addonDLC:/whyem's bloodlust/blooddecal/projdecal.ymt
2024-12-06 16:59:58 INFO  D:\GTA V\vfs\vfs\vfs\rdr3\CustomCollection.cpp:520: Global full replace: addonDLC:/disable enemy radar/blipdata.ymt
2024-12-06 17:00:19 INFO  D:\GTA V\vfs\vfs\vfs\rdr3\CustomCollection.cpp:520: Global full replace: addonDLC:/whyem's bloodlust/bloodfx/vfxaniminfo.ymt
2024-12-06 17:00:19 INFO  D:\GTA V\vfs\vfs\vfs\rdr3\CustomCollection.cpp:520: Global full replace: addonDLC:/whyem's bloodlust/bloodfx/vfxpedinfo.ymt
2024-12-06 17:00:24 INFO  D:\GTA V\vfs\vfs\vfs\rdr3\CustomCollection.cpp:520: Global full replace: addonDLC:/realistic_loadouts v2.4/metapeds.ymt
2024-12-06 17:00:28 INFO  D:\GTA V\vfs\vfs\vfs\rdr3\CustomCollection.cpp:520: Global full replace: addonDLC:/whyem's bloodlust/bloodfx/vfxbloodinfo.ymt
2024-12-06 17:00:29 INFO  D:\GTA V\vfs\vfs\vfs\rdr3\CustomCollection.cpp:520: Global full replace: addonDLC:/ped accuracy fix low enemy accuracy/pedaccuracy.meta
2024-12-06 17:00:30 INFO  D:\GTA V\vfs\vfs\vfs\rdr3\CustomCollection.cpp:520: Global full replace: addonDLC:/whyem's bloodlust/blooddecal/decalinfo.ymt
2024-12-06 17:00:30 INFO  D:\GTA V\vfs\vfs\vfs\rdr3\CustomCollection.cpp:520: Global full replace: addonDLC:/realistic_loadouts v2.4/dispatch.meta
2024-12-06 17:00:30 INFO  D:\GTA V\vfs\vfs\vfs\rdr3\CustomCollection.cpp:520: Global full replace: addonDLC:/realistic_weapon_rebalance/weaponcomponents.meta
2024-12-06 17:00:30 INFO  D:\GTA V\vfs\vfs\vfs\rdr3\CustomCollection.cpp:520: Global full replace: addonDLC:/realistic_weapon_rebalance/weapons.ymt
2024-12-06 17:00:31 INFO  D:\GTA V\vfs\vfs\vfs\rdr3\CustomCollection.cpp:520: Global full replace: addonDLC:/realistic_weapon_rebalance/003_weaponcomponents.meta
2024-12-06 17:00:31 INFO  D:\GTA V\vfs\vfs\vfs\rdr3\CustomCollection.cpp:520: Global full replace: addonDLC:/realistic_weapon_rebalance/weaponcomponents_1899.meta
2024-12-06 17:00:31 INFO  D:\GTA V\vfs\vfs\vfs\rdr3\CustomCollection.cpp:520: Global full replace: addonDLC:/realistic_weapon_rebalance/weapon_revolver_doubleaction_gambler.ymt
2024-12-06 17:00:31 INFO  D:\GTA V\vfs\vfs\vfs\rdr3\CustomCollection.cpp:520: Global full replace: addonDLC:/realistic_weapon_rebalance/weapon_repeater_evans.ymt
2024-12-06 17:00:31 INFO  D:\GTA V\vfs\vfs\vfs\rdr3\CustomCollection.cpp:520: Global full replace: addonDLC:/realistic_weapon_rebalance/weapon_revolver_lemat.ymt
2024-12-06 17:00:31 INFO  D:\GTA V\vfs\vfs\vfs\rdr3\CustomCollection.cpp:520: Global full replace: addonDLC:/realistic_weapon_rebalance/weapon_pistol_m1899.ymt
2024-12-06 17:00:31 INFO  D:\GTA V\vfs\vfs\vfs\rdr3\CustomCollection.cpp:520: Global full replace: addonDLC:/realistic_loadouts v2.4/loadouts.meta
2024-12-06 17:00:31 INFO  D:\GTA V\vfs\vfs\vfs\rdr3\CustomCollection.cpp:520: Global full replace: addonDLC:/realistic_loadouts v2.4/combatbehaviour.meta
2024-12-06 17:00:31 INFO  D:\GTA V\vfs\vfs\vfs\rdr3\CustomCollection.cpp:520: Global full replace: addonDLC:/kiddo's minimalist loot economy overhaul/damagecleanlinessdata.meta
2024-12-06 17:00:31 INFO  D:\GTA V\vfs\vfs\vfs\rdr3\CustomCollection.cpp:520: Global full replace: addonDLC:/online content unlocker/update_1/pack_patch/mp001/content.xml
2024-12-06 17:00:31 INFO  D:\GTA V\vfs\vfs\vfs\rdr3\CustomCollection.cpp:520: Global full replace: addonDLC:/online content unlocker/update_1/pack_patch/patchpack_mp001/content.xml
2024-12-06 17:00:31 INFO  D:\GTA V\vfs\vfs\vfs\rdr3\CustomCollection.cpp:520: Global full replace: addonDLC:/online content unlocker/update_1/pack_patch/mp003/content.xml
2024-12-06 17:00:31 INFO  D:\GTA V\vfs\vfs\vfs\rdr3\CustomCollection.cpp:520: Global full replace: addonDLC:/online content unlocker/update_1/pack_patch/patchpack_mp003/content.xml
2024-12-06 17:00:31 INFO  D:\GTA V\vfs\vfs\vfs\rdr3\CustomCollection.cpp:520: Global full replace: addonDLC:/online content unlocker/update_1/pack_patch/mp004/content.xml
2024-12-06 17:00:32 INFO  D:\GTA V\vfs\vfs\vfs\rdr3\CustomCollection.cpp:520: Global full replace: addonDLC:/online content unlocker/update_1/pack_patch/mp005/content.xml
2024-12-06 17:00:32 INFO  D:\GTA V\vfs\vfs\vfs\rdr3\CustomCollection.cpp:520: Global full replace: addonDLC:/online content unlocker/update_1/pack_patch/mp006/content.xml
2024-12-06 17:00:32 INFO  D:\GTA V\vfs\vfs\vfs\rdr3\CustomCollection.cpp:520: Global full replace: addonDLC:/realistic_weapon_rebalance/weapon_revolver_navy.ymt
2024-12-06 17:00:32 INFO  D:\GTA V\vfs\vfs\vfs\rdr3\CustomCollection.cpp:520: Global full replace: addonDLC:/online content unlocker/update_1/pack_patch/mp007/content.xml
2024-12-06 17:00:32 INFO  D:\GTA V\vfs\vfs\vfs\rdr3\CustomCollection.cpp:520: Global full replace: addonDLC:/realistic_weapon_rebalance/weapon_rifle_elephant.ymt
2024-12-06 17:00:32 INFO  D:\GTA V\vfs\vfs\vfs\rdr3\CustomCollection.cpp:520: Global full replace: addonDLC:/online content unlocker/update_1/pack_patch/mp008/content.xml
2024-12-06 17:00:33 INFO  D:\GTA V\vfs\vfs\vfs\rdr3\CustomCollection.cpp:520: Global full replace: addonDLC:/online content unlocker/x64/mp009/content.xml
2024-12-06 17:00:42 INFO  D:\GTA V\vfs\vfs\vfs\rdr3\CustomCollection.cpp:520: Global full replace: addonDLC:/online content unlocker/x64/mp009/content.xml
2024-12-06 17:00:42 INFO  D:\GTA V\vfs\vfs\vfs\rdr3\CustomCollection.cpp:520: Global full replace: addonDLC:/online content unlocker/update_1/pack_patch/mp008/content.xml
2024-12-06 17:00:42 INFO  D:\GTA V\vfs\vfs\vfs\rdr3\CustomCollection.cpp:520: Global full replace: addonDLC:/online content unlocker/update_1/pack_patch/mp007/content.xml
2024-12-06 17:00:42 INFO  D:\GTA V\vfs\vfs\vfs\rdr3\CustomCollection.cpp:520: Global full replace: addonDLC:/online content unlocker/update_1/pack_patch/mp006/content.xml
2024-12-06 17:00:42 INFO  D:\GTA V\vfs\vfs\vfs\rdr3\CustomCollection.cpp:520: Global full replace: addonDLC:/online content unlocker/update_1/pack_patch/mp005/content.xml
2024-12-06 17:00:42 INFO  D:\GTA V\vfs\vfs\vfs\rdr3\CustomCollection.cpp:520: Global full replace: addonDLC:/online content unlocker/update_1/pack_patch/mp004/content.xml
2024-12-06 17:00:42 INFO  D:\GTA V\vfs\vfs\vfs\rdr3\CustomCollection.cpp:520: Global full replace: addonDLC:/online content unlocker/update_1/pack_patch/patchpack_mp003/content.xml
2024-12-06 17:00:42 INFO  D:\GTA V\vfs\vfs\vfs\rdr3\CustomCollection.cpp:520: Global full replace: addonDLC:/online content unlocker/update_1/pack_patch/mp003/content.xml
2024-12-06 17:00:42 INFO  D:\GTA V\vfs\vfs\vfs\rdr3\CustomCollection.cpp:520: Global full replace: addonDLC:/online content unlocker/update_1/pack_patch/patchpack_mp001/content.xml
2024-12-06 17:00:42 INFO  D:\GTA V\vfs\vfs\vfs\rdr3\CustomCollection.cpp:520: Global full replace: addonDLC:/online content unlocker/update_1/pack_patch/mp001/content.xml
2024-12-06 17:00:43 INFO  D:\GTA V\vfs\vfs\vfs\rdr3\CustomCollection.cpp:520: Global full replace: addonDLC:/whyem's bloodlust/blooddecal/decalinfo.ymt
2024-12-06 17:00:43 INFO  D:\GTA V\vfs\vfs\vfs\rdr3\CustomCollection.cpp:520: Global full replace: addonDLC:/realistic_loadouts v2.4/dispatch.meta
2024-12-06 17:00:43 INFO  D:\GTA V\vfs\vfs\vfs\rdr3\CustomCollection.cpp:520: Global full replace: addonDLC:/realistic_weapon_rebalance/weaponcomponents.meta
2024-12-06 17:00:43 INFO  D:\GTA V\vfs\vfs\vfs\rdr3\CustomCollection.cpp:520: Global full replace: addonDLC:/realistic_weapon_rebalance/weapons.ymt
2024-12-06 17:00:43 INFO  D:\GTA V\vfs\vfs\vfs\rdr3\CustomCollection.cpp:520: Global full replace: addonDLC:/realistic_weapon_rebalance/003_weaponcomponents.meta
2024-12-06 17:00:43 INFO  D:\GTA V\vfs\vfs\vfs\rdr3\CustomCollection.cpp:520: Global full replace: addonDLC:/realistic_weapon_rebalance/weaponcomponents_1899.meta
2024-12-06 17:00:43 INFO  D:\GTA V\vfs\vfs\vfs\rdr3\CustomCollection.cpp:520: Global full replace: addonDLC:/realistic_weapon_rebalance/weapon_revolver_doubleaction_gambler.ymt
2024-12-06 17:00:43 INFO  D:\GTA V\vfs\vfs\vfs\rdr3\CustomCollection.cpp:520: Global full replace: addonDLC:/realistic_weapon_rebalance/weapon_repeater_evans.ymt
2024-12-06 17:00:43 INFO  D:\GTA V\vfs\vfs\vfs\rdr3\CustomCollection.cpp:520: Global full replace: addonDLC:/realistic_weapon_rebalance/weapon_revolver_lemat.ymt
2024-12-06 17:00:43 INFO  D:\GTA V\vfs\vfs\vfs\rdr3\CustomCollection.cpp:520: Global full replace: addonDLC:/realistic_weapon_rebalance/weapon_pistol_m1899.ymt
2024-12-06 17:00:43 INFO  D:\GTA V\vfs\vfs\vfs\rdr3\CustomCollection.cpp:520: Global full replace: addonDLC:/realistic_loadouts v2.4/loadouts.meta
2024-12-06 17:00:43 INFO  D:\GTA V\vfs\vfs\vfs\rdr3\CustomCollection.cpp:520: Global full replace: addonDLC:/realistic_loadouts v2.4/combatbehaviour.meta
2024-12-06 17:00:44 INFO  D:\GTA V\vfs\vfs\vfs\rdr3\CustomCollection.cpp:520: Global full replace: addonDLC:/kiddo's minimalist loot economy overhaul/damagecleanlinessdata.meta
2024-12-06 17:00:44 INFO  D:\GTA V\vfs\vfs\vfs\rdr3\CustomCollection.cpp:520: Global full replace: addonDLC:/online content unlocker/update_1/pack_patch/mp001/content.xml
2024-12-06 17:00:44 INFO  D:\GTA V\vfs\vfs\vfs\rdr3\CustomCollection.cpp:520: Global full replace: addonDLC:/online content unlocker/update_1/pack_patch/patchpack_mp001/content.xml
2024-12-06 17:00:44 INFO  D:\GTA V\vfs\vfs\vfs\rdr3\CustomCollection.cpp:520: Global full replace: addonDLC:/online content unlocker/update_1/pack_patch/mp003/content.xml
2024-12-06 17:00:44 INFO  D:\GTA V\vfs\vfs\vfs\rdr3\CustomCollection.cpp:520: Global full replace: addonDLC:/online content unlocker/update_1/pack_patch/patchpack_mp003/content.xml
2024-12-06 17:00:44 INFO  D:\GTA V\vfs\vfs\vfs\rdr3\CustomCollection.cpp:520: Global full replace: addonDLC:/online content unlocker/update_1/pack_patch/mp004/content.xml
2024-12-06 17:00:44 INFO  D:\GTA V\vfs\vfs\vfs\rdr3\CustomCollection.cpp:520: Global full replace: addonDLC:/online content unlocker/update_1/pack_patch/mp005/content.xml
2024-12-06 17:00:45 INFO  D:\GTA V\vfs\vfs\vfs\rdr3\CustomCollection.cpp:520: Global full replace: addonDLC:/online content unlocker/update_1/pack_patch/mp006/content.xml
2024-12-06 17:00:45 INFO  D:\GTA V\vfs\vfs\vfs\rdr3\CustomCollection.cpp:520: Global full replace: addonDLC:/realistic_weapon_rebalance/weapon_revolver_navy.ymt
2024-12-06 17:00:45 INFO  D:\GTA V\vfs\vfs\vfs\rdr3\CustomCollection.cpp:520: Global full replace: addonDLC:/online content unlocker/update_1/pack_patch/mp007/content.xml
2024-12-06 17:00:45 INFO  D:\GTA V\vfs\vfs\vfs\rdr3\CustomCollection.cpp:520: Global full replace: addonDLC:/realistic_weapon_rebalance/weapon_rifle_elephant.ymt
2024-12-06 17:00:45 INFO  D:\GTA V\vfs\vfs\vfs\rdr3\CustomCollection.cpp:520: Global full replace: addonDLC:/online content unlocker/update_1/pack_patch/mp008/content.xml
2024-12-06 17:00:45 INFO  D:\GTA V\vfs\vfs\vfs\rdr3\CustomCollection.cpp:520: Global full replace: addonDLC:/online content unlocker/x64/mp009/content.xml
2024-12-06 17:01:31 INFO  D:\GTA V\vfs\vfs\vfs\rdr3\CustomCollection.cpp:520: Global full replace: addonDLC:/online content unlocker/x64/mp009/content.xml
2024-12-06 17:01:31 INFO  D:\GTA V\vfs\vfs\vfs\rdr3\CustomCollection.cpp:520: Global full replace: addonDLC:/online content unlocker/update_1/pack_patch/mp008/content.xml
2024-12-06 17:01:31 INFO  D:\GTA V\vfs\vfs\vfs\rdr3\CustomCollection.cpp:520: Global full replace: addonDLC:/online content unlocker/update_1/pack_patch/mp007/content.xml
2024-12-06 17:01:31 INFO  D:\GTA V\vfs\vfs\vfs\rdr3\CustomCollection.cpp:520: Global full replace: addonDLC:/online content unlocker/update_1/pack_patch/mp006/content.xml
2024-12-06 17:01:31 INFO  D:\GTA V\vfs\vfs\vfs\rdr3\CustomCollection.cpp:520: Global full replace: addonDLC:/online content unlocker/update_1/pack_patch/mp005/content.xml
2024-12-06 17:01:31 INFO  D:\GTA V\vfs\vfs\vfs\rdr3\CustomCollection.cpp:520: Global full replace: addonDLC:/online content unlocker/update_1/pack_patch/mp004/content.xml
2024-12-06 17:01:31 INFO  D:\GTA V\vfs\vfs\vfs\rdr3\CustomCollection.cpp:520: Global full replace: addonDLC:/online content unlocker/update_1/pack_patch/patchpack_mp003/content.xml
2024-12-06 17:01:31 INFO  D:\GTA V\vfs\vfs\vfs\rdr3\CustomCollection.cpp:520: Global full replace: addonDLC:/online content unlocker/update_1/pack_patch/mp003/content.xml
2024-12-06 17:01:31 INFO  D:\GTA V\vfs\vfs\vfs\rdr3\CustomCollection.cpp:520: Global full replace: addonDLC:/online content unlocker/update_1/pack_patch/patchpack_mp001/content.xml
2024-12-06 17:01:31 INFO  D:\GTA V\vfs\vfs\vfs\rdr3\CustomCollection.cpp:520: Global full replace: addonDLC:/online content unlocker/update_1/pack_patch/mp001/content.xml
2024-12-06 17:01:32 INFO  D:\GTA V\vfs\vfs\vfs\rdr3\CustomCollection.cpp:520: Global full replace: addonDLC:/whyem's bloodlust/blooddecal/decalinfo.ymt
2024-12-06 17:01:32 INFO  D:\GTA V\vfs\vfs\vfs\rdr3\CustomCollection.cpp:520: Global full replace: addonDLC:/realistic_loadouts v2.4/dispatch.meta
2024-12-06 17:01:32 INFO  D:\GTA V\vfs\vfs\vfs\rdr3\CustomCollection.cpp:520: Global full replace: addonDLC:/realistic_weapon_rebalance/weaponcomponents.meta
2024-12-06 17:01:32 INFO  D:\GTA V\vfs\vfs\vfs\rdr3\CustomCollection.cpp:520: Global full replace: addonDLC:/realistic_weapon_rebalance/weapons.ymt
2024-12-06 17:01:33 INFO  D:\GTA V\vfs\vfs\vfs\rdr3\CustomCollection.cpp:520: Global full replace: addonDLC:/realistic_weapon_rebalance/003_weaponcomponents.meta
2024-12-06 17:01:33 INFO  D:\GTA V\vfs\vfs\vfs\rdr3\CustomCollection.cpp:520: Global full replace: addonDLC:/realistic_weapon_rebalance/weaponcomponents_1899.meta
2024-12-06 17:01:33 INFO  D:\GTA V\vfs\vfs\vfs\rdr3\CustomCollection.cpp:520: Global full replace: addonDLC:/realistic_weapon_rebalance/weapon_revolver_doubleaction_gambler.ymt
2024-12-06 17:01:33 INFO  D:\GTA V\vfs\vfs\vfs\rdr3\CustomCollection.cpp:520: Global full replace: addonDLC:/realistic_weapon_rebalance/weapon_repeater_evans.ymt
2024-12-06 17:01:33 INFO  D:\GTA V\vfs\vfs\vfs\rdr3\CustomCollection.cpp:520: Global full replace: addonDLC:/realistic_weapon_rebalance/weapon_revolver_lemat.ymt
2024-12-06 17:01:33 INFO  D:\GTA V\vfs\vfs\vfs\rdr3\CustomCollection.cpp:520: Global full replace: addonDLC:/realistic_weapon_rebalance/weapon_pistol_m1899.ymt
2024-12-06 17:01:33 INFO  D:\GTA V\vfs\vfs\vfs\rdr3\CustomCollection.cpp:520: Global full replace: addonDLC:/realistic_loadouts v2.4/loadouts.meta
2024-12-06 17:01:33 INFO  D:\GTA V\vfs\vfs\vfs\rdr3\CustomCollection.cpp:520: Global full replace: addonDLC:/realistic_loadouts v2.4/combatbehaviour.meta
2024-12-06 17:01:33 INFO  D:\GTA V\vfs\vfs\vfs\rdr3\CustomCollection.cpp:520: Global full replace: addonDLC:/kiddo's minimalist loot economy overhaul/damagecleanlinessdata.meta
2024-12-06 17:01:33 INFO  D:\GTA V\vfs\vfs\vfs\rdr3\CustomCollection.cpp:520: Global full replace: addonDLC:/online content unlocker/update_1/pack_patch/mp001/content.xml
2024-12-06 17:01:33 INFO  D:\GTA V\vfs\vfs\vfs\rdr3\CustomCollection.cpp:520: Global full replace: addonDLC:/online content unlocker/update_1/pack_patch/patchpack_mp001/content.xml
2024-12-06 17:01:33 INFO  D:\GTA V\vfs\vfs\vfs\rdr3\CustomCollection.cpp:520: Global full replace: addonDLC:/online content unlocker/update_1/pack_patch/mp003/content.xml
2024-12-06 17:01:34 INFO  D:\GTA V\vfs\vfs\vfs\rdr3\CustomCollection.cpp:520: Global full replace: addonDLC:/online content unlocker/update_1/pack_patch/patchpack_mp003/content.xml
2024-12-06 17:01:34 INFO  D:\GTA V\vfs\vfs\vfs\rdr3\CustomCollection.cpp:520: Global full replace: addonDLC:/online content unlocker/update_1/pack_patch/mp004/content.xml
2024-12-06 17:01:34 INFO  D:\GTA V\vfs\vfs\vfs\rdr3\CustomCollection.cpp:520: Global full replace: addonDLC:/online content unlocker/update_1/pack_patch/mp005/content.xml
2024-12-06 17:01:34 INFO  D:\GTA V\vfs\vfs\vfs\rdr3\CustomCollection.cpp:520: Global full replace: addonDLC:/online content unlocker/update_1/pack_patch/mp006/content.xml
2024-12-06 17:01:34 INFO  D:\GTA V\vfs\vfs\vfs\rdr3\CustomCollection.cpp:520: Global full replace: addonDLC:/realistic_weapon_rebalance/weapon_revolver_navy.ymt
2024-12-06 17:01:34 INFO  D:\GTA V\vfs\vfs\vfs\rdr3\CustomCollection.cpp:520: Global full replace: addonDLC:/online content unlocker/update_1/pack_patch/mp007/content.xml
2024-12-06 17:01:35 INFO  D:\GTA V\vfs\vfs\vfs\rdr3\CustomCollection.cpp:520: Global full replace: addonDLC:/realistic_weapon_rebalance/weapon_rifle_elephant.ymt
2024-12-06 17:01:35 INFO  D:\GTA V\vfs\vfs\vfs\rdr3\CustomCollection.cpp:520: Global full replace: addonDLC:/online content unlocker/update_1/pack_patch/mp008/content.xml
2024-12-06 17:01:35 INFO  D:\GTA V\vfs\vfs\vfs\rdr3\CustomCollection.cpp:520: Global full replace: addonDLC:/online content unlocker/x64/mp009/content.xml
